[2025-04-05 11:46:01] Not connected to ccomtlGuest. Current SSID: shirokanedai
[2025-04-05 11:47:01] Not connected to ccomtlGuest. Current SSID: shirokanedai
[2025-04-05 11:48:02] Not connected to ccomtlGuest. Current SSID: shirokanedai
[2025-04-05 11:49:01] Not connected to ccomtlGuest. Current SSID: shirokanedai
[2025-04-05 11:50:01] Not connected to ccomtlGuest. Current SSID: shirokanedai
[2025-04-05 11:51:01] Not connected to ccomtlGuest. Current SSID: shirokanedai
[2025-04-05 11:52:01] Not connected to ccomtlGuest. Current SSID: shirokanedai
[2025-04-05 11:53:01] Not connected to ccomtlGuest. Current SSID: shirokanedai
[2025-04-05 11:54:01] Not connected to ccomtlGuest. Current SSID: shirokanedai
[2025-04-05 11:55:01] Not connected to ccomtlGuest. Current SSID: shirokanedai
[2025-04-05 11:56:01] Not connected to ccomtlGuest. Current SSID: shirokanedai
[2025-04-05 11:57:01] Not connected to ccomtlGuest. Current SSID: shirokanedai
[2025-04-05 11:58:01] Not connected to ccomtlGuest. Current SSID: shirokanedai
[2025-04-05 11:59:01] Not connected to ccomtlGuest. Current SSID: shirokanedai
[2025-04-05 12:00:01] Not connected to ccomtlGuest. Current SSID: shirokanedai
[2025-04-05 12:01:01] Not connected to ccomtlGuest. Current SSID: shirokanedai
[2025-04-05 12:02:01] Not connected to ccomtlGuest. Current SSID: shirokanedai
[2025-04-05 12:03:01] Not connected to ccomtlGuest. Current SSID: shirokanedai
[2025-04-05 12:04:01] Not connected to ccomtlGuest. Current SSID: shirokanedai
[2025-04-05 12:05:01] Not connected to ccomtlGuest. Current SSID: shirokanedai
[2025-04-05 12:06:01] Not connected to ccomtlGuest. Current SSID: shirokanedai
[2025-04-05 12:07:01] Not connected to ccomtlGuest. Current SSID: shirokanedai
[2025-04-05 12:08:01] Not connected to ccomtlGuest. Current SSID: shirokanedai
[2025-04-05 12:09:01] Not connected to ccomtlGuest. Current SSID: shirokanedai
[2025-04-05 12:10:01] Not connected to ccomtlGuest. Current SSID: shirokanedai
[2025-04-05 12:11:01] Not connected to ccomtlGuest. Current SSID: shirokanedai
[2025-04-05 12:12:02] Not connected to ccomtlGuest. Current SSID: shirokanedai
[2025-04-05 12:13:01] Not connected to ccomtlGuest. Current SSID: shirokanedai
[2025-04-05 12:14:01] Not connected to ccomtlGuest. Current SSID: shirokanedai
[2025-04-05 12:15:01] Not connected to ccomtlGuest. Current SSID: shirokanedai
[2025-04-05 12:16:01] Not connected to ccomtlGuest. Current SSID: shirokanedai
[2025-04-05 12:17:01] Not connected to ccomtlGuest. Current SSID: shirokanedai
[2025-04-05 12:18:01] Not connected to ccomtlGuest. Current SSID: shirokanedai
[2025-04-05 12:19:01] Not connected to ccomtlGuest. Current SSID: shirokanedai
[2025-04-05 12:20:01] Not connected to ccomtlGuest. Current SSID: shirokanedai
[2025-04-05 12:21:01] Not connected to ccomtlGuest. Current SSID: shirokanedai
[2025-04-05 12:22:01] Not connected to ccomtlGuest. Current SSID: shirokanedai
[2025-04-05 12:23:01] Not connected to ccomtlGuest. Current SSID: shirokanedai
[2025-04-05 12:24:01] Not connected to ccomtlGuest. Current SSID: shirokanedai
[2025-04-05 12:25:01] Not connected to ccomtlGuest. Current SSID: shirokanedai
[2025-04-05 12:26:01] Not connected to ccomtlGuest. Current SSID: shirokanedai
[2025-04-05 12:27:01] Not connected to ccomtlGuest. Current SSID: shirokanedai
[2025-04-05 12:28:01] Not connected to ccomtlGuest. Current SSID: shirokanedai
[2025-04-05 12:29:01] Not connected to ccomtlGuest. Current SSID: shirokanedai
[2025-04-05 12:30:01] Not connected to ccomtlGuest. Current SSID: shirokanedai
[2025-04-05 12:31:01] Not connected to ccomtlGuest. Current SSID: shirokanedai
[2025-04-05 12:32:01] Not connected to ccomtlGuest. Current SSID: shirokanedai
[2025-04-05 12:33:01] Not connected to ccomtlGuest. Current SSID: shirokanedai
[2025-04-05 12:34:01] Not connected to ccomtlGuest. Current SSID: shirokanedai
[2025-04-05 12:35:01] Not connected to ccomtlGuest. Current SSID: shirokanedai
[2025-04-05 12:36:02] Not connected to ccomtlGuest. Current SSID: shirokanedai
[2025-04-05 12:37:01] Not connected to ccomtlGuest. Current SSID: shirokanedai
[2025-04-05 12:38:01] Not connected to ccomtlGuest. Current SSID: shirokanedai
[2025-04-05 12:39:01] Not connected to ccomtlGuest. Current SSID: shirokanedai
[2025-04-05 12:40:01] Not connected to ccomtlGuest. Current SSID: shirokanedai
[2025-04-05 12:41:01] Not connected to ccomtlGuest. Current SSID: shirokanedai
[2025-04-05 12:42:01] Not connected to ccomtlGuest. Current SSID: shirokanedai
[2025-04-05 12:43:01] Not connected to ccomtlGuest. Current SSID: shirokanedai
[2025-04-05 12:44:01] Not connected to ccomtlGuest. Current SSID: shirokanedai
[2025-04-05 12:45:01] Not connected to ccomtlGuest. Current SSID: shirokanedai
[2025-04-05 12:46:01] Not connected to ccomtlGuest. Current SSID: shirokanedai
[2025-04-05 12:47:01] Not connected to ccomtlGuest. Current SSID: shirokanedai
[2025-04-05 12:48:01] Not connected to ccomtlGuest. Current SSID: shirokanedai
[2025-04-05 12:49:01] Not connected to ccomtlGuest. Current SSID: shirokanedai
[2025-04-05 12:50:01] Not connected to ccomtlGuest. Current SSID: shirokanedai
[2025-04-05 12:51:01] Not connected to ccomtlGuest. Current SSID: shirokanedai
[2025-04-05 12:52:01] Not connected to ccomtlGuest. Current SSID: shirokanedai
[2025-04-05 12:53:01] Not connected to ccomtlGuest. Current SSID: shirokanedai
[2025-04-05 12:54:01] Not connected to ccomtlGuest. Current SSID: shirokanedai
[2025-04-05 12:55:01] Not connected to ccomtlGuest. Current SSID: shirokanedai
[2025-04-05 12:56:01] Not connected to ccomtlGuest. Current SSID: shirokanedai
[2025-04-05 12:57:01] Not connected to ccomtlGuest. Current SSID: shirokanedai
[2025-04-05 12:58:01] Not connected to ccomtlGuest. Current SSID: shirokanedai
[2025-04-05 12:59:01] Not connected to ccomtlGuest. Current SSID: shirokanedai
[2025-04-05 13:00:02] Not connected to ccomtlGuest. Current SSID: shirokanedai
[2025-04-05 13:01:01] Not connected to ccomtlGuest. Current SSID: shirokanedai
[2025-04-05 13:02:01] Not connected to ccomtlGuest. Current SSID: shirokanedai
[2025-04-05 13:03:01] Not connected to ccomtlGuest. Current SSID: shirokanedai
[2025-04-05 13:04:01] Not connected to ccomtlGuest. Current SSID: Meguro
[2025-04-05 13:05:01] Not connected to ccomtlGuest. Current SSID: Meguro
[2025-04-05 13:06:01] Not connected to ccomtlGuest. Current SSID: Meguro
[2025-04-05 13:07:01] Not connected to ccomtlGuest. Current SSID: Meguro
[2025-04-05 13:08:01] Not connected to ccomtlGuest. Current SSID: Meguro
[2025-04-05 13:09:01] Not connected to ccomtlGuest. Current SSID: Meguro
[2025-04-05 13:10:01] Not connected to ccomtlGuest. Current SSID: Meguro
[2025-04-05 13:11:01] Not connected to ccomtlGuest. Current SSID: Meguro
[2025-04-05 13:12:01] Not connected to ccomtlGuest. Current SSID: Meguro
[2025-04-05 13:13:01] Not connected to ccomtlGuest. Current SSID: Meguro
[2025-04-05 13:14:01] Not connected to ccomtlGuest. Current SSID: Meguro
[2025-04-05 13:15:01] Not connected to ccomtlGuest. Current SSID: Meguro
[2025-04-05 13:16:01] Not connected to ccomtlGuest. Current SSID: Meguro
[2025-04-05 13:17:01] Not connected to ccomtlGuest. Current SSID: Meguro
[2025-04-05 13:18:01] Not connected to ccomtlGuest. Current SSID: Meguro
[2025-04-05 13:19:01] Not connected to ccomtlGuest. Current SSID: Meguro
[2025-04-05 13:20:01] Not connected to ccomtlGuest. Current SSID: Meguro
[2025-04-05 13:21:01] Not connected to ccomtlGuest. Current SSID: Meguro
[2025-04-05 13:22:01] Not connected to ccomtlGuest. Current SSID: Meguro
[2025-04-05 13:23:01] Not connected to ccomtlGuest. Current SSID: Meguro
[2025-04-05 13:24:01] Not connected to ccomtlGuest. Current SSID: Meguro
[2025-04-05 13:25:01] Not connected to ccomtlGuest. Current SSID: Meguro
[2025-04-05 13:26:01] Not connected to ccomtlGuest. Current SSID: Meguro
[2025-04-05 13:27:01] Not connected to ccomtlGuest. Current SSID: Meguro
[2025-04-05 13:28:01] Not connected to ccomtlGuest. Current SSID: Meguro
[2025-04-05 13:29:01] Not connected to ccomtlGuest. Current SSID: Meguro
[2025-04-05 13:30:01] Not connected to ccomtlGuest. Current SSID: Meguro
[2025-04-05 13:31:01] Not connected to ccomtlGuest. Current SSID: Meguro
[2025-04-05 13:32:01] Not connected to ccomtlGuest. Current SSID: Meguro
[2025-04-05 13:33:01] Not connected to ccomtlGuest. Current SSID: Meguro
[2025-04-05 13:34:01] Not connected to ccomtlGuest. Current SSID: Meguro
[2025-04-05 13:35:01] Not connected to ccomtlGuest. Current SSID: Meguro
[2025-04-05 13:36:01] Not connected to ccomtlGuest. Current SSID: Meguro
[2025-04-05 13:37:01] Not connected to ccomtlGuest. Current SSID: Meguro
[2025-04-05 13:38:01] Not connected to ccomtlGuest. Current SSID: Meguro
[2025-04-05 13:39:01] Not connected to ccomtlGuest. Current SSID: Meguro
[2025-04-05 13:40:01] Not connected to ccomtlGuest. Current SSID: Meguro
[2025-04-05 13:41:01] Not connected to ccomtlGuest. Current SSID: Meguro
[2025-04-05 13:42:01] Not connected to ccomtlGuest. Current SSID: Meguro
[2025-04-05 13:43:01] Not connected to ccomtlGuest. Current SSID: Meguro
[2025-04-05 13:44:01] Not connected to ccomtlGuest. Current SSID: Meguro
[2025-04-05 13:45:01] Not connected to ccomtlGuest. Current SSID: Meguro
[2025-04-05 13:46:01] Not connected to ccomtlGuest. Current SSID: Meguro
[2025-04-05 13:47:01] Not connected to ccomtlGuest. Current SSID: Meguro
[2025-04-05 13:48:01] Not connected to ccomtlGuest. Current SSID: Meguro
[2025-04-05 13:49:02] Not connected to ccomtlGuest. Current SSID: Meguro
[2025-04-05 13:50:01] Not connected to ccomtlGuest. Current SSID: Meguro
[2025-04-05 13:51:01] Not connected to ccomtlGuest. Current SSID: Meguro
[2025-04-05 13:52:01] Not connected to ccomtlGuest. Current SSID: Meguro
[2025-04-05 13:53:01] Not connected to ccomtlGuest. Current SSID: Meguro
[2025-04-05 17:14:27] Not connected to ccomtlGuest. Current SSID: Meguro
[2025-04-05 17:15:01] Not connected to ccomtlGuest. Current SSID: Meguro
[2025-04-05 17:16:01] Connected to ccomtlGuest and internet is working. No action needed.
[2025-04-05 17:17:01] Connected to ccomtlGuest and internet is working. No action needed.
[2025-04-05 17:18:01] Connected to ccomtlGuest but no internet. Running login script...
[2025-04-05 17:18:01] Login script ran successfully.
[2025-04-05 17:19:01] Connected to ccomtlGuest and internet is working. No action needed.
[2025-04-05 17:20:01] Connected to ccomtlGuest and internet is working. No action needed.
[2025-04-05 17:21:01] Connected to ccomtlGuest but no internet. Running login script...
[2025-04-05 17:21:01] Login script ran successfully.
[2025-04-05 17:22:01] Connected to ccomtlGuest and internet is working. No action needed.
[2025-04-05 17:23:01] Connected to ccomtlGuest and internet is working. No action needed.
[2025-04-05 17:24:01] Connected to ccomtlGuest and internet is working. No action needed.
[2025-04-05 17:25:01] Connected to ccomtlGuest and internet is working. No action needed.
[2025-04-05 17:26:01] Connected to ccomtlGuest and internet is working. No action needed.
[2025-04-05 17:27:01] Connected to ccomtlGuest and internet is working. No action needed.
[2025-04-05 17:28:02] Connected to ccomtlGuest and internet is working. No action needed.
[2025-04-05 17:29:01] Connected to ccomtlGuest and internet is working. No action needed.
[2025-04-05 17:30:01] Connected to ccomtlGuest and internet is working. No action needed.
[2025-04-05 17:31:01] Connected to ccomtlGuest and internet is working. No action needed.
[2025-04-05 17:32:01] Connected to ccomtlGuest and internet is working. No action needed.
[2025-04-05 17:33:01] Connected to ccomtlGuest and internet is working. No action needed.
[2025-04-05 17:34:01] Connected to ccomtlGuest and internet is working. No action needed.
[2025-04-05 17:35:01] Connected to ccomtlGuest and internet is working. No action needed.
[2025-04-05 17:36:01] Connected to ccomtlGuest and internet is working. No action needed.
[2025-04-05 17:37:01] Connected to ccomtlGuest and internet is working. No action needed.
[2025-04-05 17:38:01] Connected to ccomtlGuest and internet is working. No action needed.
[2025-04-05 17:39:01] Connected to ccomtlGuest and internet is working. No action needed.
[2025-04-05 17:40:01] Connected to ccomtlGuest and internet is working. No action needed.
[2025-04-05 17:41:01] Connected to ccomtlGuest and internet is working. No action needed.
[2025-04-05 17:42:01] Connected to ccomtlGuest and internet is working. No action needed.
[2025-04-05 17:43:01] Connected to ccomtlGuest and internet is working. No action needed.
[2025-04-05 17:44:01] Connected to ccomtlGuest and internet is working. No action needed.
[2025-04-05 17:45:02] Connected to ccomtlGuest and internet is working. No action needed.
[2025-04-05 17:46:01] Connected to ccomtlGuest and internet is working. No action needed.
[2025-04-05 17:47:01] Connected to ccomtlGuest and internet is working. No action needed.
[2025-04-05 17:48:01] Connected to ccomtlGuest and internet is working. No action needed.
[2025-04-05 17:49:01] Connected to ccomtlGuest and internet is working. No action needed.
[2025-04-05 17:50:01] Connected to ccomtlGuest and internet is working. No action needed.
[2025-04-05 17:51:01] Connected to ccomtlGuest and internet is working. No action needed.
[2025-04-05 17:52:01] Connected to ccomtlGuest and internet is working. No action needed.
[2025-04-05 17:53:01] Connected to ccomtlGuest and internet is working. No action needed.
[2025-04-05 17:54:01] Connected to ccomtlGuest and internet is working. No action needed.
[2025-04-05 17:55:01] Connected to ccomtlGuest and internet is working. No action needed.
[2025-04-05 17:56:01] Connected to ccomtlGuest and internet is working. No action needed.
[2025-04-05 17:57:01] Connected to ccomtlGuest and internet is working. No action needed.
[2025-04-05 17:58:01] Connected to ccomtlGuest and internet is working. No action needed.
[2025-04-05 17:59:01] Connected to ccomtlGuest and internet is working. No action needed.
[2025-04-05 18:00:01] Connected to ccomtlGuest and internet is working. No action needed.
[2025-04-05 18:01:01] Connected to ccomtlGuest and internet is working. No action needed.
[2025-04-05 18:02:01] Connected to ccomtlGuest but no internet. Running login script...
[2025-04-05 18:02:01] Login script ran successfully.
[2025-04-05 18:03:01] Connected to ccomtlGuest and internet is working. No action needed.
[2025-04-05 18:04:01] Connected to ccomtlGuest and internet is working. No action needed.
[2025-04-05 18:05:01] Connected to ccomtlGuest and internet is working. No action needed.
[2025-04-05 18:06:01] Connected to ccomtlGuest and internet is working. No action needed.
[2025-04-05 18:07:01] Connected to ccomtlGuest and internet is working. No action needed.
[2025-04-05 18:08:01] Connected to ccomtlGuest and internet is working. No action needed.
[2025-04-05 18:09:01] Connected to ccomtlGuest and internet is working. No action needed.
[2025-04-05 18:10:01] Connected to ccomtlGuest and internet is working. No action needed.
[2025-04-05 18:11:01] Connected to ccomtlGuest and internet is working. No action needed.
[2025-04-05 18:12:01] Connected to ccomtlGuest and internet is working. No action needed.
[2025-04-05 18:13:01] Connected to ccomtlGuest and internet is working. No action needed.
[2025-04-05 18:14:01] Connected to ccomtlGuest and internet is working. No action needed.
[2025-04-05 18:15:01] Connected to ccomtlGuest and internet is working. No action needed.
[2025-04-05 18:16:01] Connected to ccomtlGuest and internet is working. No action needed.
[2025-04-05 18:17:01] Connected to ccomtlGuest and internet is working. No action needed.
[2025-04-05 18:18:01] Connected to ccomtlGuest and internet is working. No action needed.
[2025-04-05 18:19:01] Connected to ccomtlGuest and internet is working. No action needed.
[2025-04-05 18:20:01] Connected to ccomtlGuest and internet is working. No action needed.
[2025-04-05 18:21:01] Connected to ccomtlGuest and internet is working. No action needed.
[2025-04-05 18:22:01] Connected to ccomtlGuest and internet is working. No action needed.
